\BOOKMARK [1][-]{section.1}{Introduction}{}% 1
\BOOKMARK [1][-]{section.2}{Research Design}{}% 2
\BOOKMARK [1][-]{section.3}{Research Solution}{}% 3
\BOOKMARK [1][-]{section.4}{Stream Design Anti-Patterns}{}% 4
\BOOKMARK [2][-]{subsection.4.1}{Multi-Anchoring}{section.4}% 5
\BOOKMARK [2][-]{subsection.4.2}{Cycle in Topology}{section.4}% 6
\BOOKMARK [2][-]{subsection.4.3}{Persistent Data}{section.4}% 7
\BOOKMARK [1][-]{section.5}{Algorithmic Analysis on Stream Topologies}{}% 8
\BOOKMARK [2][-]{subsection.5.1}{fan-in/fan-out}{section.5}% 9
\BOOKMARK [2][-]{subsection.5.2}{topology cascading}{section.5}% 10
\BOOKMARK [2][-]{subsection.5.3}{Topology clustering}{section.5}% 11
\BOOKMARK [2][-]{subsection.5.4}{Computation funnel}{section.5}% 12
\BOOKMARK [2][-]{subsection.5.5}{Linearizing a topology}{section.5}% 13
\BOOKMARK [1][-]{section.6}{Evaluation}{}% 14
\BOOKMARK [1][-]{section.7}{Discussion}{}% 15
\BOOKMARK [2][-]{subsection.7.1}{Findings and Quality-Improvement Insights}{section.7}% 16
\BOOKMARK [2][-]{subsection.7.2}{Approach Limitations and Threats to Validity}{section.7}% 17
\BOOKMARK [1][-]{section.8}{Previous and Related Work}{}% 18
\BOOKMARK [1][-]{section.9}{Conclusion}{}% 19
\BOOKMARK [1][-]{section*.2}{References}{}% 20
