\BOOKMARK [1][-]{section.1}{Introduction}{}% 1
\BOOKMARK [1][-]{section.2}{Research Design}{}% 2
\BOOKMARK [1][-]{section.3}{Research Solution}{}% 3
\BOOKMARK [2][-]{subsection.3.1}{OSTIA design}{section.3}% 4
\BOOKMARK [2][-]{subsection.3.2}{Storm Architecture}{section.3}% 5
\BOOKMARK [2][-]{subsection.3.3}{Storm Framework Meta-Model}{section.3}% 6
\BOOKMARK [2][-]{subsection.3.4}{Storm: A Formal Interpretation}{section.3}% 7
\BOOKMARK [1][-]{section.4}{OSTIA-Based Continuous Architecting}{}% 8
\BOOKMARK [2][-]{subsection.4.1}{Topology Design Anti-Patterns Within OSTIA}{section.4}% 9
\BOOKMARK [3][-]{subsubsection.4.1.1}{Multi-Anchoring}{subsection.4.1}% 10
\BOOKMARK [3][-]{subsubsection.4.1.2}{Cycle-in Topology}{subsection.4.1}% 11
\BOOKMARK [3][-]{subsubsection.4.1.3}{Persistent Data}{subsection.4.1}% 12
\BOOKMARK [3][-]{subsubsection.4.1.4}{Computation Funnel}{subsection.4.1}% 13
\BOOKMARK [2][-]{subsection.4.2}{Algorithmic Analysis on Stream Topologies}{section.4}% 14
\BOOKMARK [3][-]{subsubsection.4.2.1}{Fan-in/Fan-out}{subsection.4.2}% 15
\BOOKMARK [3][-]{subsubsection.4.2.2}{Topology cascading}{subsection.4.2}% 16
\BOOKMARK [3][-]{subsubsection.4.2.3}{Topology clustering}{subsection.4.2}% 17
\BOOKMARK [3][-]{subsubsection.4.2.4}{Linearising a topology}{subsection.4.2}% 18
\BOOKMARK [2][-]{subsection.4.3}{OSTIA-Based Formal Verification}{section.4}% 19
\BOOKMARK [1][-]{section.5}{Evaluation}{}% 20
\BOOKMARK [2][-]{subsection.5.1}{Industrial Case-Study}{section.5}% 21
\BOOKMARK [2][-]{subsection.5.2}{Evaluation on Open-Source Software}{section.5}% 22
\BOOKMARK [2][-]{subsection.5.3}{Continuous Architecting by Means of Formal Verification: An Industrial Case-Study}{section.5}% 23
\BOOKMARK [1][-]{section.6}{Discussion}{}% 24
\BOOKMARK [2][-]{subsection.6.1}{Findings and Continuous Architecting Insights}{section.6}% 25
\BOOKMARK [2][-]{subsection.6.2}{Approach Limitations and Threats to Validity}{section.6}% 26
\BOOKMARK [1][-]{section.7}{Related Work}{}% 27
\BOOKMARK [1][-]{section.8}{Conclusion}{}% 28
\BOOKMARK [1][-]{section*.3}{References}{}% 29
\BOOKMARK [1][-]{IEEEbiography.0}{Biographies}{}% 30
\BOOKMARK [2][-]{IEEEbiography.1}{Marcello Maria Bersani}{IEEEbiography.0}% 31
\BOOKMARK [2][-]{IEEEbiography.2}{Damian A. Tamburri}{IEEEbiography.0}% 32
\BOOKMARK [2][-]{IEEEbiography.3}{Francesco Marconi}{IEEEbiography.0}% 33
\BOOKMARK [2][-]{IEEEbiography.4}{Pooyan Jamshidi}{IEEEbiography.0}% 34
\BOOKMARK [2][-]{IEEEbiography.5}{Andrea Nodari}{IEEEbiography.0}% 35
