\BOOKMARK [1][-]{section.1}{Introduction}{}% 1
\BOOKMARK [1][-]{section.2}{Research Solution}{}% 2
\BOOKMARK [2][-]{subsection.2.1}{OSTIA design}{section.2}% 3
\BOOKMARK [2][-]{subsection.2.2}{Storm Architecture}{section.2}% 4
\BOOKMARK [1][-]{section.3}{OSTIA-Based Continuous Architecting}{}% 5
\BOOKMARK [2][-]{subsection.3.1}{Topology Design Anti-Patterns Within OSTIA}{section.3}% 6
\BOOKMARK [3][-]{subsubsection.3.1.1}{Multi-Anchoring}{subsection.3.1}% 7
\BOOKMARK [3][-]{subsubsection.3.1.2}{Cycle-in Topology}{subsection.3.1}% 8
\BOOKMARK [3][-]{subsubsection.3.1.3}{Persistent Data}{subsection.3.1}% 9
\BOOKMARK [3][-]{subsubsection.3.1.4}{Computation Funnel}{subsection.3.1}% 10
\BOOKMARK [2][-]{subsection.3.2}{Algorithmic Analysis on Stream Topologies}{section.3}% 11
\BOOKMARK [3][-]{subsubsection.3.2.1}{Fan-in/Fan-out}{subsection.3.2}% 12
\BOOKMARK [3][-]{subsubsection.3.2.2}{Topology cascading}{subsection.3.2}% 13
\BOOKMARK [3][-]{subsubsection.3.2.3}{Topology clustering}{subsection.3.2}% 14
\BOOKMARK [3][-]{subsubsection.3.2.4}{Linearising a topology}{subsection.3.2}% 15
\BOOKMARK [1][-]{section.4}{Evaluation}{}% 16
\BOOKMARK [2][-]{subsection.4.1}{Industrial Case-Study}{section.4}% 17
\BOOKMARK [2][-]{subsection.4.2}{Evaluation on Open-Source Software}{section.4}% 18
\BOOKMARK [1][-]{section.5}{Discussion}{}% 19
\BOOKMARK [1][-]{section.6}{Conclusion}{}% 20
\BOOKMARK [1][-]{section*.2}{References}{}% 21
